Could not find the launcher for this file type: "C:\USERS\MIKE\DOCUMENTS\VISUAL STUDIO 2022\SOME THING ELSE\OWER SHELL.PS1"
ERROR: Could not find the launcher for this file type: "C:\USERS\MIKE\DOCUMENTS\VISUAL STUDIO 2022\SOME THING ELSE\OWER SHELL.PS1"
ERROR! Could not find the launcher for this file type: "C:\USERS\MIKE\DOCUMENTS\VISUAL STUDIO 2022\SOME THING ELSE\OWER SHELL.PS1"
Timestamp : 28.09.2023 20:11:07
Shell     : C:\Windows\System32\WindowsPowerShell\v1.0\powershell.exe
Arguments : -File "C:\USERS\MIKE\DOCUMENTS\VISUAL STUDIO 2022\SOME THING ELSE\OWER SHELL.PS1" TEST TWO "T H R E E" FOUR
Directory : C:\USERS\MIKE\DOCUMENTS\VISUAL STUDIO 2022\SOME THING ELSE
Exit code : -196608
Elapsed   : 0:00.385

Timestamp : 28.09.2023 20:12:56
Shell     : C:\Windows\System32\WindowsPowerShell\v1.0\powershell.exe
Arguments : -File "C:\USERS\MIKE\DOCUMENTS\VISUAL STUDIO 2022\SOME THING ELSE\POWER SHELL.PS1" TEST TWO "T H R E E" FOUR
Directory : C:\USERS\MIKE\DOCUMENTS\VISUAL STUDIO 2022\SOME THING ELSE
Exit code : 0
Elapsed   : 0:02.052

Timestamp : 28.09.2023 20:14:06
Shell     : "C:\USERS\MIKE\DOCUMENTS\VISUAL STUDIO 2022\SOME THING ELSE\RUN ME HERE.BAT"
Arguments : arg1 arg2 "argument number 3"
Directory : C:\USERS\MIKE\DOCUMENTS\VISUAL STUDIO 2022\SOME THING ELSE
Exit code : 0
Elapsed   : 0:00.051

Timestamp : 28.09.2023 20:14:23
Shell     : "C:\USERS\MIKE\DOCUMENTS\VISUAL STUDIO 2022\SOME THING ELSE\RUN ME HERE.BAT"
Arguments : 
Directory : C:\USERS\MIKE\DOCUMENTS\VISUAL STUDIO 2022\SOME THING ELSE
Exit code : 0
Elapsed   : 0:00.130

Timestamp : 05.10.2023 11:52:40
Shell     : C:\Windows\System32\WindowsPowerShell\v1.0\powershell.exe
Arguments : -nologo -executionpolicy bypass -File "SPEAK.PS1" "Will this be released?"
Directory : 
Exit code : 0
Elapsed   : 0:04.212

